=/pretest.json
{
  _: [],
  f: [
    '/home/runner/work/exp-partial-differential-equations-parabolic-equation-explicit-method-iitb/exp-partial-differential-equations-parabolic-equation-explicit-method-iitb/experiment/pretest.json'
  ],
  files: [
    '/home/runner/work/exp-partial-differential-equations-parabolic-equation-explicit-method-iitb/exp-partial-differential-equations-parabolic-equation-explicit-method-iitb/experiment/pretest.json'
  ],
  c: 'assessment',
  contentTypes: 'assessment',
  'content-types': 'assessment',
  '$0': 'validate'
}
Validated true
=/posttest.json
{
  _: [],
  f: [
    '/home/runner/work/exp-partial-differential-equations-parabolic-equation-explicit-method-iitb/exp-partial-differential-equations-parabolic-equation-explicit-method-iitb/experiment/posttest.json'
  ],
  files: [
    '/home/runner/work/exp-partial-differential-equations-parabolic-equation-explicit-method-iitb/exp-partial-differential-equations-parabolic-equation-explicit-method-iitb/experiment/posttest.json'
  ],
  c: 'assessment',
  contentTypes: 'assessment',
  'content-types': 'assessment',
  '$0': 'validate'
}
Validated true
