
/home/runner/work/exp-partial-differential-equations-parabolic-equation-explicit-method-iitb/exp-partial-differential-equations-parabolic-equation-explicit-method-iitb/experiment/simulation/common_libraries/js/ts_components/collapse_step.js
   1:10  warning  'show_step' is defined but never used                 no-unused-vars
   2:5   warning  '$' is not defined                                    no-undef
   3:9   warning  '$' is not defined                                    no-undef
   6:10  warning  'hide_step' is defined but never used                 no-unused-vars
   7:5   warning  '$' is not defined                                    no-undef
   8:9   warning  '$' is not defined                                    no-undef
  11:10  warning  'get_collapse_btn_text' is defined but never used     no-unused-vars
  20:10  warning  'get_collapse_btn_element' is defined but never used  no-unused-vars
  29:10  warning  'hide_all_steps' is defined but never used            no-unused-vars
  31:9   warning  '$' is not defined                                    no-undef

/home/runner/work/exp-partial-differential-equations-parabolic-equation-explicit-method-iitb/exp-partial-differential-equations-parabolic-equation-explicit-method-iitb/experiment/simulation/common_libraries/js/ts_components/matrix.js
   27:26  warning  'MathJax' is not defined                                no-undef
   32:7   warning  'Matrix_Without_String' is defined but never used       no-unused-vars
   52:26  warning  'MathJax' is not defined                                no-undef
   56:10  warning  'get_matrix_html' is defined but never used             no-unused-vars
   87:13  warning  'row_html' is assigned a value but never used           no-unused-vars
   99:10  warning  'get_matrix_html_with_title' is defined but never used  no-unused-vars
  131:13  warning  'row_html' is assigned a value but never used           no-unused-vars
  143:10  warning  'convert_2d_to_1d_vector' is defined but never used     no-unused-vars
  156:10  warning  'convert_1d_to_2d_matrix' is defined but never used     no-unused-vars

/home/runner/work/exp-partial-differential-equations-parabolic-equation-explicit-method-iitb/exp-partial-differential-equations-parabolic-equation-explicit-method-iitb/experiment/simulation/common_libraries/js/ts_components/pannel.js
  8:7  warning  'Pannel' is defined but never used  no-unused-vars

/home/runner/work/exp-partial-differential-equations-parabolic-equation-explicit-method-iitb/exp-partial-differential-equations-parabolic-equation-explicit-method-iitb/experiment/simulation/common_libraries/js/ts_components/questions.js
   6:17  warning  'op1' is assigned a value but never used      no-unused-vars
   7:17  warning  'op2' is assigned a value but never used      no-unused-vars
   8:17  warning  'op3' is assigned a value but never used      no-unused-vars
   9:17  warning  'op4' is assigned a value but never used      no-unused-vars
  94:7   warning  'Question_Options' is defined but never used  no-unused-vars

/home/runner/work/exp-partial-differential-equations-parabolic-equation-explicit-method-iitb/exp-partial-differential-equations-parabolic-equation-explicit-method-iitb/experiment/simulation/common_libraries/js/ts_components/tables.js
   19:22  warning  'verify_values' is not defined                                     no-undef
  137:22  warning  'verify_values' is not defined                                     no-undef
  260:7   warning  'Verify_Rows_Cols_6_decimal_places' is defined but never used      no-unused-vars
  311:22  warning  'verify_values' is not defined                                     no-undef
  416:7   warning  'Verify_Rows_Cols_Custom_Fixed_Update1' is defined but never used  no-unused-vars
  468:7   warning  'Show_Table_Custom_Fixed' is defined but never used                no-unused-vars
  506:7   warning  'Verify_Rows_Cols_Strings' is defined but never used               no-unused-vars
  527:22  warning  'verify_values' is not defined                                     no-undef
  663:7   warning  'Display_Table' is defined but never used                          no-unused-vars

/home/runner/work/exp-partial-differential-equations-parabolic-equation-explicit-method-iitb/exp-partial-differential-equations-parabolic-equation-explicit-method-iitb/experiment/simulation/common_libraries/js/ts_math_library/general_math_functions.js
    1:10  warning  'verify_values' is defined but never used                   no-unused-vars
   17:10  warning  'random1' is defined but never used                         no-unused-vars
   21:10  warning  'std_deviation' is defined but never used                   no-unused-vars
   26:10  warning  'gauss' is defined but never used                           no-unused-vars
   56:10  warning  'hide_panel' is defined but never used                      no-unused-vars
   63:10  warning  'inverse_matrix' is defined but never used                  no-unused-vars
   96:10  warning  'matrix_multiplication' is defined but never used           no-unused-vars
  113:10  warning  'transpose_matrix' is defined but never used                no-unused-vars
  123:10  warning  'matrix_multiplication_8decimal' is defined but never used  no-unused-vars
  140:10  warning  'adjoint_2x2_matrix' is defined but never used              no-unused-vars
  145:10  warning  'find_deteminant' is defined but never used                 no-unused-vars
  174:10  warning  'get_Submatrix' is defined but never used                   no-unused-vars

/home/runner/work/exp-partial-differential-equations-parabolic-equation-explicit-method-iitb/exp-partial-differential-equations-parabolic-equation-explicit-method-iitb/experiment/simulation/common_libraries/js/ts_math_library/regression.js
   1:10  warning  'regression_linear' is defined but never used            no-unused-vars
  18:10  warning  'regression_linear_1variable' is defined but never used  no-unused-vars
  27:10  warning  'regression_linear_2variable' is defined but never used  no-unused-vars
  52:11  warning  'gauss' is not defined                                   no-undef

/home/runner/work/exp-partial-differential-equations-parabolic-equation-explicit-method-iitb/exp-partial-differential-equations-parabolic-equation-explicit-method-iitb/experiment/simulation/common_libraries/math.ob.js
  1:745  warning  'b' is already defined  no-redeclare

/home/runner/work/exp-partial-differential-equations-parabolic-equation-explicit-method-iitb/exp-partial-differential-equations-parabolic-equation-explicit-method-iitb/experiment/simulation/js/activity1.js
   14:9   warning  'MathJax' is not defined                                no-undef
   18:10  warning  'start_act1' is defined but never used                  no-unused-vars
   23:20  warning  'get_collapse_btn_text' is not defined                  no-undef
   33:34  warning  Unnecessary escape character: \∂                        no-useless-escape
   33:52  warning  Unnecessary escape character: \∂                        no-useless-escape
   33:58  warning  Unnecessary escape character: \∂                        no-useless-escape
   36:34  warning  Unnecessary escape character: \∂                        no-useless-escape
   36:46  warning  'a' is not defined                                      no-undef
   36:55  warning  Unnecessary escape character: \∂                        no-useless-escape
   36:61  warning  Unnecessary escape character: \∂                        no-useless-escape
   40:26  warning  'lambda1' is not defined                                no-undef
   43:43  warning  'dist_at1' is not defined                               no-undef
   51:13  warning  Unnecessary escape character: \λ                        no-useless-escape
   64:5   warning  'hide_all_steps' is not defined                         no-undef
   66:9   warning  'MathJax' is not defined                                no-undef
   69:9   warning  'show_step' is not defined                              no-undef
   72:10  warning  'a1_verify_k' is defined but never used                 no-unused-vars
   74:17  warning  'k1' is not defined                                     no-undef
   75:10  warning  'verify_values' is not defined                          no-undef
   75:49  warning  'k1' is not defined                                     no-undef
   89:16  warning  'k1' is not defined                                     no-undef
  130:9   warning  'table_data1' is not defined                            no-undef
  145:19  warning  'Verify_Rows_Cols_Custom_Fixed_Update1' is not defined  no-undef
  145:65  warning  'table_data1' is not defined                            no-undef
  148:9   warning  'MathJax' is not defined                                no-undef
  154:5   warning  'a' is not defined                                      no-undef
  155:5   warning  'k1' is not defined                                     no-undef
  156:5   warning  'table_data1' is not defined                            no-undef
  157:5   warning  'a' is not defined                                      no-undef
  157:9   warning  'random1' is not defined                                no-undef
  158:5   warning  'k1' is not defined                                     no-undef
  158:10  warning  'lambda1' is not defined                                no-undef
  158:20  warning  'a' is not defined                                      no-undef
  158:33  warning  'h' is not defined                                      no-undef
  159:17  warning  'a' is not defined                                      no-undef
  159:20  warning  'k1' is not defined                                     no-undef
  160:13  warning  'k1' is not defined                                     no-undef
  163:22  warning  'k1' is not defined                                     no-undef
  165:29  warning  'k1' is not defined                                     no-undef
  167:13  warning  'dist_at1' is not defined                               no-undef
  170:13  warning  'dist_at1' is not defined                               no-undef
  172:13  warning  'dist_at1' is not defined                               no-undef
  172:24  warning  'k1' is not defined                                     no-undef
  178:26  warning  'k1' is not defined                                     no-undef
  187:30  warning  'lambda1' is not defined                                no-undef
  188:26  warning  'table_data1' is not defined                            no-undef
  189:33  warning  'table_data1' is not defined                            no-undef
  190:29  warning  'table_data1' is not defined                            no-undef
  191:25  warning  'table_data1' is not defined                            no-undef
  194:13  warning  'table_data1' is not defined                            no-undef
  198:13  warning  'dist_at1' is not defined                               no-undef
  198:24  warning  'k1' is not defined                                     no-undef
  204:26  warning  'k1' is not defined                                     no-undef
  213:30  warning  'lambda1' is not defined                                no-undef
  214:26  warning  'table_data1' is not defined                            no-undef
  215:33  warning  'table_data1' is not defined                            no-undef
  216:29  warning  'table_data1' is not defined                            no-undef
  217:25  warning  'table_data1' is not defined                            no-undef
  220:13  warning  'table_data1' is not defined                            no-undef

/home/runner/work/exp-partial-differential-equations-parabolic-equation-explicit-method-iitb/exp-partial-differential-equations-parabolic-equation-explicit-method-iitb/experiment/simulation/js/activity2.js
    1:10  warning  'activity2' is defined but never used                   no-unused-vars
    5:20  warning  'get_collapse_btn_text' is not defined                  no-undef
   15:34  warning  Unnecessary escape character: \∂                        no-useless-escape
   15:52  warning  Unnecessary escape character: \∂                        no-useless-escape
   15:58  warning  Unnecessary escape character: \∂                        no-useless-escape
   18:34  warning  Unnecessary escape character: \∂                        no-useless-escape
   18:46  warning  'a' is not defined                                      no-undef
   18:55  warning  Unnecessary escape character: \∂                        no-useless-escape
   18:61  warning  Unnecessary escape character: \∂                        no-useless-escape
   22:26  warning  'lambda2' is not defined                                no-undef
   25:43  warning  'dist_at2' is not defined                               no-undef
   33:13  warning  Unnecessary escape character: \λ                        no-useless-escape
   45:5   warning  'maindiv' is not defined                                no-undef
   46:5   warning  'hide_all_steps' is not defined                         no-undef
   48:9   warning  'MathJax' is not defined                                no-undef
   51:9   warning  'show_step' is not defined                              no-undef
   54:10  warning  'a2_verify_k' is defined but never used                 no-unused-vars
   56:17  warning  'k2' is not defined                                     no-undef
   57:10  warning  'verify_values' is not defined                          no-undef
   57:49  warning  'k2' is not defined                                     no-undef
   71:16  warning  'k2' is not defined                                     no-undef
  112:9   warning  'table_data2' is not defined                            no-undef
  127:19  warning  'Verify_Rows_Cols_Custom_Fixed_Update1' is not defined  no-undef
  127:65  warning  'table_data2' is not defined                            no-undef
  130:9   warning  'MathJax' is not defined                                no-undef
  136:5   warning  'k2' is not defined                                     no-undef
  137:5   warning  'table_data2' is not defined                            no-undef
  138:5   warning  'k2' is not defined                                     no-undef
  138:10  warning  'lambda2' is not defined                                no-undef
  138:20  warning  'a' is not defined                                      no-undef
  138:33  warning  'h' is not defined                                      no-undef
  139:17  warning  'a' is not defined                                      no-undef
  139:20  warning  'k2' is not defined                                     no-undef
  140:13  warning  'k2' is not defined                                     no-undef
  143:22  warning  'k2' is not defined                                     no-undef
  145:29  warning  'k2' is not defined                                     no-undef
  147:13  warning  'dist_at2' is not defined                               no-undef
  150:13  warning  'dist_at2' is not defined                               no-undef
  152:13  warning  'dist_at2' is not defined                               no-undef
  152:24  warning  'k2' is not defined                                     no-undef
  158:26  warning  'k2' is not defined                                     no-undef
  167:30  warning  'lambda2' is not defined                                no-undef
  168:26  warning  'table_data2' is not defined                            no-undef
  169:33  warning  'table_data2' is not defined                            no-undef
  170:29  warning  'table_data2' is not defined                            no-undef
  171:25  warning  'table_data2' is not defined                            no-undef
  174:13  warning  'table_data2' is not defined                            no-undef
  178:13  warning  'dist_at2' is not defined                               no-undef
  178:24  warning  'k2' is not defined                                     no-undef
  184:26  warning  'k2' is not defined                                     no-undef
  193:30  warning  'lambda2' is not defined                                no-undef
  194:26  warning  'table_data2' is not defined                            no-undef
  195:33  warning  'table_data2' is not defined                            no-undef
  196:29  warning  'table_data2' is not defined                            no-undef
  197:25  warning  'table_data2' is not defined                            no-undef
  200:13  warning  'table_data2' is not defined                            no-undef

/home/runner/work/exp-partial-differential-equations-parabolic-equation-explicit-method-iitb/exp-partial-differential-equations-parabolic-equation-explicit-method-iitb/experiment/simulation/js/activity3.js
    1:10  warning  'activity3' is defined but never used                   no-unused-vars
    5:20  warning  'get_collapse_btn_text' is not defined                  no-undef
   15:34  warning  Unnecessary escape character: \∂                        no-useless-escape
   15:52  warning  Unnecessary escape character: \∂                        no-useless-escape
   15:58  warning  Unnecessary escape character: \∂                        no-useless-escape
   18:34  warning  Unnecessary escape character: \∂                        no-useless-escape
   18:46  warning  'a' is not defined                                      no-undef
   18:55  warning  Unnecessary escape character: \∂                        no-useless-escape
   18:61  warning  Unnecessary escape character: \∂                        no-useless-escape
   22:26  warning  'lambda3' is not defined                                no-undef
   25:43  warning  'dist_at3' is not defined                               no-undef
   33:13  warning  Unnecessary escape character: \λ                        no-useless-escape
   45:5   warning  'maindiv' is not defined                                no-undef
   46:5   warning  'hide_all_steps' is not defined                         no-undef
   48:9   warning  'MathJax' is not defined                                no-undef
   51:9   warning  'show_step' is not defined                              no-undef
   54:10  warning  'a3_verify_k' is defined but never used                 no-unused-vars
   56:17  warning  'k3' is not defined                                     no-undef
   57:10  warning  'verify_values' is not defined                          no-undef
   57:49  warning  'k3' is not defined                                     no-undef
   71:16  warning  'k3' is not defined                                     no-undef
  114:9   warning  'table_data3' is not defined                            no-undef
  129:19  warning  'Verify_Rows_Cols_Custom_Fixed_Update1' is not defined  no-undef
  129:65  warning  'table_data3' is not defined                            no-undef
  132:9   warning  'MathJax' is not defined                                no-undef
  138:5   warning  'k3' is not defined                                     no-undef
  139:5   warning  'table_data3' is not defined                            no-undef
  140:5   warning  'k3' is not defined                                     no-undef
  140:10  warning  'lambda3' is not defined                                no-undef
  140:20  warning  'a' is not defined                                      no-undef
  140:33  warning  'h' is not defined                                      no-undef
  141:17  warning  'a' is not defined                                      no-undef
  141:20  warning  'k3' is not defined                                     no-undef
  142:14  warning  'k3' is not defined                                     no-undef
  145:22  warning  'k3' is not defined                                     no-undef
  147:29  warning  'k3' is not defined                                     no-undef
  149:13  warning  'dist_at3' is not defined                               no-undef
  152:13  warning  'dist_at3' is not defined                               no-undef
  154:13  warning  'dist_at3' is not defined                               no-undef
  154:24  warning  'k3' is not defined                                     no-undef
  160:26  warning  'k3' is not defined                                     no-undef
  169:30  warning  'lambda3' is not defined                                no-undef
  170:26  warning  'table_data3' is not defined                            no-undef
  171:33  warning  'table_data3' is not defined                            no-undef
  172:29  warning  'table_data3' is not defined                            no-undef
  173:25  warning  'table_data3' is not defined                            no-undef
  176:13  warning  'table_data3' is not defined                            no-undef
  180:13  warning  'dist_at3' is not defined                               no-undef
  180:24  warning  'k3' is not defined                                     no-undef
  186:26  warning  'k3' is not defined                                     no-undef
  195:30  warning  'lambda3' is not defined                                no-undef
  196:26  warning  'table_data3' is not defined                            no-undef
  197:33  warning  'table_data3' is not defined                            no-undef
  198:29  warning  'table_data3' is not defined                            no-undef
  199:25  warning  'table_data3' is not defined                            no-undef
  202:13  warning  'table_data3' is not defined                            no-undef
  213:10  warning  'load_question' is defined but never used               no-unused-vars
  222:20  warning  'Question_Options' is not defined                       no-undef

/home/runner/work/exp-partial-differential-equations-parabolic-equation-explicit-method-iitb/exp-partial-differential-equations-parabolic-equation-explicit-method-iitb/experiment/simulation/js/data.js
   1:5  warning  'a' is assigned a value but never used            no-unused-vars
   2:5  warning  'h' is assigned a value but never used            no-unused-vars
   4:5  warning  'k1' is defined but never used                    no-unused-vars
   5:5  warning  'lambda1' is assigned a value but never used      no-unused-vars
   6:5  warning  'table_data1' is assigned a value but never used  no-unused-vars
   7:5  warning  'dist_at1' is assigned a value but never used     no-unused-vars
   9:5  warning  'k2' is defined but never used                    no-unused-vars
  10:5  warning  'lambda2' is assigned a value but never used      no-unused-vars
  11:5  warning  'table_data2' is assigned a value but never used  no-unused-vars
  12:5  warning  'dist_at2' is assigned a value but never used     no-unused-vars
  14:5  warning  'k3' is defined but never used                    no-unused-vars
  15:5  warning  'lambda3' is assigned a value but never used      no-unused-vars
  16:5  warning  'table_data3' is assigned a value but never used  no-unused-vars
  17:5  warning  'dist_at3' is assigned a value but never used     no-unused-vars

/home/runner/work/exp-partial-differential-equations-parabolic-equation-explicit-method-iitb/exp-partial-differential-equations-parabolic-equation-explicit-method-iitb/experiment/simulation/js/screen_size.js
  1:10  warning  'set_screen_size' is defined but never used  no-unused-vars

✖ 239 problems (0 errors, 239 warnings)

